########### array before sorts ###########
0	0.000000	30.480000	35.560000	30.480000	n
1	0.000000	30.480000	0.000000	0.000000	n
2	35.560000	0.000000	35.560000	30.480000	n
3	35.560000	0.000000	0.000000	0.000000	n
Tolerance=0.050000.
*Exact match for i=0 and j=2.
*i point 0.000000	30.480000	35.560000	30.480000	y
	*Before flip 	35.560000	0.000000	35.560000	30.480000	y
	*After flip 	35.560000	30.480000	35.560000	0.000000	y
*Exact match for i=1 and j=3.
*i point 35.560000	30.480000	35.560000	0.000000	y
*Exact match for i=2 and j=3.
*i point 35.560000	0.000000	0.000000	0.000000	y
	*Before flip 	0.000000	30.480000	0.000000	0.000000	y
	*After flip 	0.000000	0.000000	0.000000	30.480000	y
########### array after sorts ###########
0	0.000000	30.480000	35.560000	30.480000	y
1	35.560000	30.480000	35.560000	0.000000	y
2	35.560000	0.000000	0.000000	0.000000	y
3	0.000000	0.000000	0.000000	30.480000	y
***************
.BOARD_OUTLINE UNOWNED
1.6
0     0.000000     30.480000     0
0     35.560000     30.480000     0
0     35.560000     0.000000     0
0     0.000000     0.000000     0
0     0.000000     30.480000     0
